{"uid":"cb408baa1cf13d5a","name":"Register new user with valid information","fullName":"Register fixture.Register new user with valid information","historyId":"5e6ce3fdd050038d9e5129f9313fb1e1","time":{"start":1659024128246,"stop":1659024186628,"duration":58382},"description":"","descriptionHtml":"","status":"failed","statusMessage":"AssertionError: expected false to be truthy","statusTrace":"AssertionError: expected false to be truthy\n                \n                Browser: Chrome 103.0.5060.134 / Windows 10\n                Screenshot: D:\\Dipalee\\Javascript\\ShoppingSiteDemo\\reports\\screenshots\\2022-07-28_18-01-08\\test-1\\Chrome_103.0.5060.134_Windows_10\\errors\\1.png\n                \n                   29 |            .typeText(RegisterPage.txt_Password, data.password)\n                   30 |            .typeText(RegisterPage.txt_CnfPassword, data.password)\n                   31 |            // .click(RegisterPage.rad_YesNewsLetter)\n                   32 |            .click(RegisterPage.chk_PrivacyPolicy)\n                   33 |            .click(RegisterPage.btn_ContinueReg)\n                 > 34 |            .expect(RegisterPage.txt_AccountSuccessMsg.exists).ok()\n                   35 |            .click(HomePage.dd_MyAccount)\n                   36 |            .click(LoginPage.btn_LogOut)\n                   37 |            .expect(LoginPage.txt_accountLogoutMsg.exists).ok()\n                   38 |            .click(LoginPage.btn_logoutContinue)\n                   39 |\n                \n                   at <anonymous> (D:\\Dipalee\\Javascript\\ShoppingSiteDemo\\test\\RegisterTest.js:34:64)\n                   at asyncGeneratorStep (D:\\Dipalee\\Javascript\\ShoppingSiteDemo\\test\\RegisterTest.js:6:268)\n                   at _next (D:\\Dipalee\\Javascript\\ShoppingSiteDemo\\test\\RegisterTest.js:6:606)\n                   at <anonymous> (D:\\Dipalee\\Javascript\\ShoppingSiteDemo\\test\\RegisterTest.js:6:771)\n                   at <anonymous> (D:\\Dipalee\\Javascript\\ShoppingSiteDemo\\test\\RegisterTest.js:6:512)\n                   at <anonymous> (D:\\Dipalee\\Javascript\\ShoppingSiteDemo\\test\\RegisterTest.js:19:9)","flaky":false,"newFailed":false,"newBroken":false,"newPassed":false,"retriesCount":0,"retriesStatusChange":false,"beforeStages":[],"testStage":{"status":"failed","statusMessage":"AssertionError: expected false to be truthy","statusTrace":"AssertionError: expected false to be truthy\n                \n                Browser: Chrome 103.0.5060.134 / Windows 10\n                Screenshot: D:\\Dipalee\\Javascript\\ShoppingSiteDemo\\reports\\screenshots\\2022-07-28_18-01-08\\test-1\\Chrome_103.0.5060.134_Windows_10\\errors\\1.png\n                \n                   29 |            .typeText(RegisterPage.txt_Password, data.password)\n                   30 |            .typeText(RegisterPage.txt_CnfPassword, data.password)\n                   31 |            // .click(RegisterPage.rad_YesNewsLetter)\n                   32 |            .click(RegisterPage.chk_PrivacyPolicy)\n                   33 |            .click(RegisterPage.btn_ContinueReg)\n                 > 34 |            .expect(RegisterPage.txt_AccountSuccessMsg.exists).ok()\n                   35 |            .click(HomePage.dd_MyAccount)\n                   36 |            .click(LoginPage.btn_LogOut)\n                   37 |            .expect(LoginPage.txt_accountLogoutMsg.exists).ok()\n                   38 |            .click(LoginPage.btn_logoutContinue)\n                   39 |\n                \n                   at <anonymous> (D:\\Dipalee\\Javascript\\ShoppingSiteDemo\\test\\RegisterTest.js:34:64)\n                   at asyncGeneratorStep (D:\\Dipalee\\Javascript\\ShoppingSiteDemo\\test\\RegisterTest.js:6:268)\n                   at _next (D:\\Dipalee\\Javascript\\ShoppingSiteDemo\\test\\RegisterTest.js:6:606)\n                   at <anonymous> (D:\\Dipalee\\Javascript\\ShoppingSiteDemo\\test\\RegisterTest.js:6:771)\n                   at <anonymous> (D:\\Dipalee\\Javascript\\ShoppingSiteDemo\\test\\RegisterTest.js:6:512)\n                   at <anonymous> (D:\\Dipalee\\Javascript\\ShoppingSiteDemo\\test\\RegisterTest.js:19:9)","steps":[],"attachments":[{"uid":"32fd8966ef33dc15","name":"Screenshot","source":"32fd8966ef33dc15.png","type":"image/png","size":189195}],"parameters":[],"shouldDisplayMessage":true,"attachmentsCount":1,"stepsCount":0,"hasContent":true},"afterStages":[],"labels":[{"name":"severity","value":"undefined"},{"name":"suite","value":"Register fixture"},{"name":"testClass","value":"Register fixture"},{"name":"testMethod","value":"Register new user with valid information"},{"name":"package","value":"Register fixture"},{"name":"resultFormat","value":"allure1"}],"parameters":[{"name":"User Agent","value":"Chrome 103.0.5060.134 / Windows 11"}],"links":[],"hidden":false,"retry":false,"extra":{"severity":"normal","retries":[],"categories":[{"name":"Product defects","matchedStatuses":[],"flaky":false}],"tags":[]},"source":"cb408baa1cf13d5a.json","parameterValues":["Chrome 103.0.5060.134 / Windows 11"]}